<?xml version="1.0" encoding="UTF-8"?>
<testsuite name="com.bridgelabz.QuantityMeasurementTest.QuantityTest" tests="1" skipped="0" failures="0" errors="0" timestamp="2020-04-29T03:34:10" hostname="Achu" time="0.004">
  <properties/>
  <testcase name="given2InchAnd2Inch_ShouldReturn4Inch" classname="com.bridgelabz.QuantityMeasurementTest.QuantityTest" time="0.004"/>
  <system-out><![CDATA[]]></system-out>
  <system-err><![CDATA[]]></system-err>
</testsuite>
